1514514413785	geckodriver	INFO	geckodriver 0.19.1
1514514413794	geckodriver	INFO	Listening on 127.0.0.1:2850
1514514415797	mozrunner::runner	INFO	Running command: "C:\\Program Files (x86)\\Mozilla Firefox\\firefox.exe" "-marionette" "-profile" "C:\\Users\\ADMINI~1.WIN\\AppData\\Local\\Temp\\rust_mozprofile.r5CTuCtcIUxO"
[0x7FF9AE6851A0] ANOMALY: meaningless REX prefix used
[0x7FF9AE6851E0] ANOMALY: meaningless REX prefix used
[0x7FF9AE685410] ANOMALY: meaningless REX prefix used
[0x7FF9AE6837F0] ANOMALY: meaningless REX prefix used
[0x7FF9AE6824B0] ANOMALY: meaningless REX prefix used
1514514458812	geckodriver	INFO	geckodriver 0.19.1
1514514458822	geckodriver	INFO	Listening on 127.0.0.1:3156
1514514460830	mozrunner::runner	INFO	Running command: "C:\\Program Files (x86)\\Mozilla Firefox\\firefox.exe" "-marionette" "-profile" "C:\\Users\\ADMINI~1.WIN\\AppData\\Local\\Temp\\rust_mozprofile.HaY9ZvlLKhDz"
1514514462841	Marionette	INFO	Enabled via --marionette
Unable to read VR Path Registry from C:\Users\Administrator.WINDOWS-V4MGRCQ\AppData\Local\openvr\openvrpaths.vrpath
[Child 18228, Chrome_ChildThread] WARNING: pipe error: 109: file z:/build/build/src/ipc/chromium/src/chrome/common/ipc_channel_win.cc, line 346
[Child 18228, Chrome_ChildThread] WARNING: pipe error: 109: file z:/build/build/src/ipc/chromium/src/chrome/common/ipc_channel_win.cc, line 346
1514514464531	Marionette	INFO	Listening on port 3177
1514514464984	Marionette	WARN	TLS certificate errors will be ignored for this session
1514514465028	Marionette	DEBUG	Register listener.js for window 4294967297
1514514465045	Marionette	DEBUG	Received DOM event "beforeunload" for "about:blank"
1514514465497	Marionette	DEBUG	Received DOM event "pagehide" for "about:blank"
1514514465497	Marionette	DEBUG	Received DOM event "unload" for "about:blank"
1514514465979	Marionette	DEBUG	Received DOM event "DOMContentLoaded" for "https://passport.jd.com/uc/login?ReturnUrl=http%3A%2F%2Fvip.jd.com%2Fhome.html"
1514514466278	Marionette	DEBUG	Received DOM event "pageshow" for "https://passport.jd.com/uc/login?ReturnUrl=http%3A%2F%2Fvip.jd.com%2Fhome.html"
Unable to read VR Path Registry from C:\Users\Administrator.WINDOWS-V4MGRCQ\AppData\Local\openvr\openvrpaths.vrpath
[Child 20500, Chrome_ChildThread] WARNING: pipe error: 109: file z:/build/build/src/ipc/chromium/src/chrome/common/ipc_channel_win.cc, line 346
[Child 20500, Chrome_ChildThread] WARNING: pipe error: 109: file z:/build/build/src/ipc/chromium/src/chrome/common/ipc_channel_win.cc, line 346
Unable to read VR Path Registry from C:\Users\Administrator.WINDOWS-V4MGRCQ\AppData\Local\openvr\openvrpaths.vrpath
[Child 20100, Chrome_ChildThread] WARNING: pipe error: 109: file z:/build/build/src/ipc/chromium/src/chrome/common/ipc_channel_win.cc, line 346
Unable to read VR Path Registry from C:\Users\Administrator.WINDOWS-V4MGRCQ\AppData\Local\openvr\openvrpaths.vrpath
[GPU 20912, Chrome_ChildThread] WARNING: pipe error: 109: file z:/build/build/src/ipc/chromium/src/chrome/common/ipc_channel_win.cc, line 346

###!!! [Child][MessageChannel::SendAndWait] Error: Channel error: cannot send/recv

[0x7FF9AE6851A0] ANOMALY: meaningless REX prefix used
[0x7FF9AE6851E0] ANOMALY: meaningless REX prefix used
[0x7FF9AE685410] ANOMALY: meaningless REX prefix used
[0x7FF9AE6837F0] ANOMALY: meaningless REX prefix used
[0x7FF9AE6824B0] ANOMALY: meaningless REX prefix used
Unable to read VR Path Registry from C:\Users\Administrator.WINDOWS-V4MGRCQ\AppData\Local\openvr\openvrpaths.vrpath
1514514620881	geckodriver	INFO	geckodriver 0.19.1
1514514620890	geckodriver	INFO	Listening on 127.0.0.1:4198
1514514622889	mozrunner::runner	INFO	Running command: "C:\\Program Files (x86)\\Mozilla Firefox\\firefox.exe" "-marionette" "-profile" "C:\\Users\\ADMINI~1.WIN\\AppData\\Local\\Temp\\rust_mozprofile.SVyUNTDpraKx"
1514514624223	Marionette	INFO	Enabled via --marionette
Unable to read VR Path Registry from C:\Users\Administrator.WINDOWS-V4MGRCQ\AppData\Local\openvr\openvrpaths.vrpath
[Parent 13052, Gecko_IOThread] WARNING: pipe error: 109: file z:/build/build/src/ipc/chromium/src/chrome/common/ipc_channel_win.cc, line 346
Unable to read VR Path Registry from C:\Users\Administrator.WINDOWS-V4MGRCQ\AppData\Local\openvr\openvrpaths.vrpath
[Child 20544, Chrome_ChildThread] WARNING: pipe error: 109: file z:/build/build/src/ipc/chromium/src/chrome/common/ipc_channel_win.cc, line 346
[Child 20544, Chrome_ChildThread] WARNING: pipe error: 109: file z:/build/build/src/ipc/chromium/src/chrome/common/ipc_channel_win.cc, line 346
1514514625966	Marionette	INFO	Listening on port 4214
1514514626019	Marionette	WARN	TLS certificate errors will be ignored for this session
1514514626066	Marionette	DEBUG	Register listener.js for window 4294967297
1514514626097	Marionette	DEBUG	Received DOM event "beforeunload" for "about:blank"
1514514626595	Marionette	DEBUG	Received DOM event "pagehide" for "about:blank"
1514514626596	Marionette	DEBUG	Received DOM event "unload" for "about:blank"
1514514627026	Marionette	DEBUG	Received DOM event "DOMContentLoaded" for "https://passport.jd.com/uc/login?ReturnUrl=http%3A%2F%2Fvip.jd.com%2Fhome.html"
1514514627318	Marionette	DEBUG	Received DOM event "pageshow" for "https://passport.jd.com/uc/login?ReturnUrl=http%3A%2F%2Fvip.jd.com%2Fhome.html"
[Parent 13052, Gecko_IOThread] WARNING: pipe error: 109: file z:/build/build/src/ipc/chromium/src/chrome/common/ipc_channel_win.cc, line 346
[Parent 13052, Gecko_IOThread] WARNING: pipe error: 109: file z:/build/build/src/ipc/chromium/src/chrome/common/ipc_channel_win.cc, line 346
Unable to read VR Path Registry from C:\Users\Administrator.WINDOWS-V4MGRCQ\AppData\Local\openvr\openvrpaths.vrpath
[Child 5664, Chrome_ChildThread] WARNING: pipe error: 109: file z:/build/build/src/ipc/chromium/src/chrome/common/ipc_channel_win.cc, line 346
Unable to read VR Path Registry from C:\Users\Administrator.WINDOWS-V4MGRCQ\AppData\Local\openvr\openvrpaths.vrpath
[Child 21128, Chrome_ChildThread] WARNING: pipe error: 109: file z:/build/build/src/ipc/chromium/src/chrome/common/ipc_channel_win.cc, line 346
*** UTM:SVC TimerManager:registerTimer called after profile-before-change notification. Ignoring timer registration for id: telemetry_modules_ping

###!!! [Child][MessageChannel::SendAndWait] Error: Channel error: cannot send/recv

[0x7FF9AE6851A0] ANOMALY: meaningless REX prefix used
[0x7FF9AE6851E0] ANOMALY: meaningless REX prefix used
[0x7FF9AE685410] ANOMALY: meaningless REX prefix used
[0x7FF9AE6837F0] ANOMALY: meaningless REX prefix used
[0x7FF9AE6824B0] ANOMALY: meaningless REX prefix used
